<?xml version="1.0" encoding="UTF-8"?>
<testsuite name="com.dopashift.interception.AllowanceTrackerTest" tests="14" skipped="0" failures="0" errors="0" timestamp="2026-08-23T08:36:58" hostname="SHAILESH" time="0.184">
  <properties/>
  <testcase name="getRemainingSeconds returns null for untracked app" classname="com.dopashift.interception.AllowanceTrackerTest" time="0.147"/>
  <testcase name="getRemainingSeconds returns zero when depleted" classname="com.dopashift.interception.AllowanceTrackerTest" time="0.007"/>
  <testcase name="accumulates multiple poll cycles correctly" classname="com.dopashift.interception.AllowanceTrackerTest" time="0.002"/>
  <testcase name="midnight reset uses user timezone not UTC" classname="com.dopashift.interception.AllowanceTrackerTest" time="0.002"/>
  <testcase name="triggers DEPLETED when allowance is exceeded" classname="com.dopashift.interception.AllowanceTrackerTest" time="0.003"/>
  <testcase name="triggers DEPLETED when allowance is met" classname="com.dopashift.interception.AllowanceTrackerTest" time="0.003"/>
  <testcase name="returns NOT_TRACKED for untracked app" classname="com.dopashift.interception.AllowanceTrackerTest" time="0.001"/>
  <testcase name="isAllowanceDepleted returns true after depletion" classname="com.dopashift.interception.AllowanceTrackerTest" time="0.002"/>
  <testcase name="resets depletion set at midnight crossing" classname="com.dopashift.interception.AllowanceTrackerTest" time="0.003"/>
  <testcase name="isAllowanceDepleted returns false for untracked app" classname="com.dopashift.interception.AllowanceTrackerTest" time="0.002"/>
  <testcase name="tracks multiple apps independently" classname="com.dopashift.interception.AllowanceTrackerTest" time="0.002"/>
  <testcase name="accumulates foreground seconds and returns WITHIN_ALLOWANCE" classname="com.dopashift.interception.AllowanceTrackerTest" time="0.001"/>
  <testcase name="getRemainingSeconds returns remaining time" classname="com.dopashift.interception.AllowanceTrackerTest" time="0.003"/>
  <testcase name="fires depletion listener on first depletion only" classname="com.dopashift.interception.AllowanceTrackerTest" time="0.003"/>
  <system-out><![CDATA[]]></system-out>
  <system-err><![CDATA[]]></system-err>
</testsuite>
