<?xml version="1.0" encoding="UTF-8"?>
<testsuite name="com.dopashift.domain.property.DailyTodoItemCountLimitPropertyTest" tests="2" skipped="0" failures="0" errors="0" timestamp="2026-08-23T11:01:56" hostname="SHAILESH" time="0.25">
  <properties/>
  <testcase name="Property 17: Creating the 101st todo item when 100 already exist SHALL be rejected with LimitExceededException" classname="com.dopashift.domain.property.DailyTodoItemCountLimitPropertyTest" time="0.19"/>
  <testcase name="Property 17: Creating a todo item when count is below 100 SHALL succeed" classname="com.dopashift.domain.property.DailyTodoItemCountLimitPropertyTest" time="0.056"/>
  <system-out><![CDATA[]]></system-out>
  <system-err><![CDATA[]]></system-err>
</testsuite>
