<?xml version="1.0" encoding="UTF-8"?>
<testsuite name="com.dopashift.domain.property.ConditionalReminderPropertyTest" tests="3" skipped="0" failures="0" errors="0" timestamp="2026-08-23T06:26:25" hostname="SHAILESH" time="0.151">
  <properties/>
  <testcase name="Property 12: Conditional reminder is suppressed when entity is complete (ENTITY_COMPLETE)" classname="com.dopashift.domain.property.ConditionalReminderPropertyTest" time="0.076"/>
  <testcase name="Property 12: Conditional reminder fires when entity is incomplete" classname="com.dopashift.domain.property.ConditionalReminderPropertyTest" time="0.036"/>
  <testcase name="Property 12: Reminder without condition fires regardless of entity completion state" classname="com.dopashift.domain.property.ConditionalReminderPropertyTest" time="0.034"/>
  <system-out><![CDATA[]]></system-out>
  <system-err><![CDATA[]]></system-err>
</testsuite>
