<?xml version="1.0" encoding="UTF-8"?>
<testsuite name="com.dopashift.domain.property.DeleteWinsOverEditPropertyTest" tests="3" skipped="0" failures="0" errors="0" timestamp="2026-09-02T08:40:54" hostname="SHAILESH" time="0.07">
  <properties/>
  <testcase name="remote delete always wins over local edit regardless of timestamps" classname="com.dopashift.domain.property.DeleteWinsOverEditPropertyTest" time="0.027"/>
  <testcase name="local delete always wins over remote edit regardless of timestamps" classname="com.dopashift.domain.property.DeleteWinsOverEditPropertyTest" time="0.021"/>
  <testcase name="the edit entry always appears as supersededEntry in the merge result" classname="com.dopashift.domain.property.DeleteWinsOverEditPropertyTest" time="0.018"/>
  <system-out><![CDATA[]]></system-out>
  <system-err><![CDATA[]]></system-err>
</testsuite>
