<?xml version="1.0" encoding="UTF-8"?>
<testsuite name="com.dopashift.domain.property.MissedHabitDayRecordingPropertyTest" tests="3" skipped="0" failures="0" errors="0" timestamp="2026-08-23T06:26:27" hostname="SHAILESH" time="0.079">
  <properties/>
  <testcase name="PENDING checkpoints are marked as MISSED, never silently skipped" classname="com.dopashift.domain.property.MissedHabitDayRecordingPropertyTest" time="0.02"/>
  <testcase name="calling RecordMissedDayUseCase on an already-MISSED checkpoint throws IllegalStateException" classname="com.dopashift.domain.property.MissedHabitDayRecordingPropertyTest" time="0.03"/>
  <testcase name="COMPLETED checkpoints cannot be overwritten to MISSED" classname="com.dopashift.domain.property.MissedHabitDayRecordingPropertyTest" time="0.026"/>
  <system-out><![CDATA[]]></system-out>
  <system-err><![CDATA[]]></system-err>
</testsuite>
