<?xml version="1.0" encoding="UTF-8"?>
<testsuite name="com.dopashift.domain.property.GoalNameUniquenessPropertyTest" tests="2" skipped="0" failures="0" errors="0" timestamp="2026-08-23T06:26:27" hostname="SHAILESH" time="0.063">
  <properties/>
  <testcase name="Property 1: Goal Name Uniqueness Enforcement - second creation with same name (case-insensitive) is rejected" classname="com.dopashift.domain.property.GoalNameUniquenessPropertyTest" time="0.042"/>
  <testcase name="Property 1: Goal Name Uniqueness Enforcement - various case combinations all rejected" classname="com.dopashift.domain.property.GoalNameUniquenessPropertyTest" time="0.019"/>
  <system-out><![CDATA[]]></system-out>
  <system-err><![CDATA[]]></system-err>
</testsuite>
