<?xml version="1.0" encoding="UTF-8"?>
<testsuite name="com.dopashift.domain.property.HabitTrackDayAdvancementPropertyTest" tests="1" skipped="0" failures="0" errors="0" timestamp="2026-08-23T11:01:58" hostname="SHAILESH" time="0.133">
  <properties/>
  <testcase name="marking current day as completed advances pointer to next PENDING day and records UTC timestamp" classname="com.dopashift.domain.property.HabitTrackDayAdvancementPropertyTest" time="0.133"/>
  <system-out><![CDATA[]]></system-out>
  <system-err><![CDATA[]]></system-err>
</testsuite>
