<?xml version="1.0" encoding="UTF-8"?>
<testsuite name="com.dopashift.domain.strategy.LastWriteWinsStrategyTest" tests="3" skipped="0" failures="0" errors="0" timestamp="2026-09-02T08:40:56" hostname="SHAILESH" time="0.003">
  <properties/>
  <testcase name="remote wins when remote timestamp is later()" classname="com.dopashift.domain.strategy.LastWriteWinsStrategyTest" time="0.001"/>
  <testcase name="remote wins when timestamps are equal for determinism()" classname="com.dopashift.domain.strategy.LastWriteWinsStrategyTest" time="0.001"/>
  <testcase name="local wins when local timestamp is later()" classname="com.dopashift.domain.strategy.LastWriteWinsStrategyTest" time="0.001"/>
  <system-out><![CDATA[]]></system-out>
  <system-err><![CDATA[]]></system-err>
</testsuite>
