<?xml version="1.0" encoding="UTF-8"?>
<testsuite name="com.dopashift.domain.strategy.DeleteWinsStrategyTest" tests="6" skipped="0" failures="0" errors="0" timestamp="2026-08-23T06:26:28" hostname="SHAILESH" time="0.051">
  <properties/>
  <testcase name="remote delete wins when both are deletes()" classname="com.dopashift.domain.strategy.DeleteWinsStrategyTest" time="0.038"/>
  <testcase name="remote delete wins over local edit()" classname="com.dopashift.domain.strategy.DeleteWinsStrategyTest" time="0.001"/>
  <testcase name="falls back to LastWriteWins when neither is a delete()" classname="com.dopashift.domain.strategy.DeleteWinsStrategyTest" time="0.001"/>
  <testcase name="delete wins regardless of timestamp ordering()" classname="com.dopashift.domain.strategy.DeleteWinsStrategyTest" time="0.001"/>
  <testcase name="local delete wins over remote edit()" classname="com.dopashift.domain.strategy.DeleteWinsStrategyTest" time="0.003"/>
  <testcase name="falls back to LastWriteWins local wins when local timestamp is later()" classname="com.dopashift.domain.strategy.DeleteWinsStrategyTest" time="0.001"/>
  <system-out><![CDATA[]]></system-out>
  <system-err><![CDATA[]]></system-err>
</testsuite>
