<?xml version="1.0" encoding="UTF-8"?>
<testsuite name="com.dopashift.domain.property.SameFieldConflictResolutionDeterminismTest" tests="4" skipped="0" failures="0" errors="0" timestamp="2026-09-02T08:40:56" hostname="SHAILESH" time="0.077">
  <properties/>
  <testcase name="same value wins regardless of which device processes the conflict (deterministic convergence)" classname="com.dopashift.domain.property.SameFieldConflictResolutionDeterminismTest" time="0.017"/>
  <testcase name="the entry with the later timestamp always wins; ties go to remote" classname="com.dopashift.domain.property.SameFieldConflictResolutionDeterminismTest" time="0.023"/>
  <testcase name="the losing entry appears as supersededEntry in the result" classname="com.dopashift.domain.property.SameFieldConflictResolutionDeterminismTest" time="0.013"/>
  <testcase name="both directions produce a superseded entry representing the losing edit in conflict history" classname="com.dopashift.domain.property.SameFieldConflictResolutionDeterminismTest" time="0.017"/>
  <system-out><![CDATA[]]></system-out>
  <system-err><![CDATA[]]></system-err>
</testsuite>
